This is pdfTeX, Version 3.141592653-2.6-1.40.24 (TeX Live 2022) (preloaded format=pdflatex 2022.4.18)  10 SEP 2023 19:38
entering extended mode
 restricted \write18 enabled.
 file:line:error style messages enabled.
 %&-line parsing enabled.
**c:/Users/ringo/CS/LaTeX/Electrodynamics/Electromagnetism.tex
(c:/Users/ringo/CS/LaTeX/Electrodynamics/Electromagnetism.tex
LaTeX2e <2021-11-15> patch level 1
L3 programming layer <2022-04-10> (c:/texlive/2022/texmf-dist/tex/latex/base/article.cls
Document Class: article 2021/10/04 v1.4n Standard LaTeX document class
(c:/texlive/2022/texmf-dist/tex/latex/base/size12.clo
File: size12.clo 2021/10/04 v1.4n Standard LaTeX file (size option)
)
\c@part=\count185
\c@section=\count186
\c@subsection=\count187
\c@subsubsection=\count188
\c@paragraph=\count189
\c@subparagraph=\count190
\c@figure=\count191
\c@table=\count192
\abovecaptionskip=\skip47
\belowcaptionskip=\skip48
\bibindent=\dimen138
) (c:/texlive/2022/texmf-dist/tex/latex/geometry/geometry.sty
Package: geometry 2020/01/02 v5.9 Page Geometry
 (c:/texlive/2022/texmf-dist/tex/latex/graphics/keyval.sty
Package: keyval 2014/10/28 v1.15 key=value parser (DPC)
\KV@toks@=\toks16
) (c:/texlive/2022/texmf-dist/tex/generic/iftex/ifvtex.sty
Package: ifvtex 2019/10/25 v1.7 ifvtex legacy package. Use iftex instead.
 (c:/texlive/2022/texmf-dist/tex/generic/iftex/iftex.sty
Package: iftex 2022/02/03 v1.0f TeX engine tests
))
\Gm@cnth=\count193
\Gm@cntv=\count194
\c@Gm@tempcnt=\count195
\Gm@bindingoffset=\dimen139
\Gm@wd@mp=\dimen140
\Gm@odd@mp=\dimen141
\Gm@even@mp=\dimen142
\Gm@layoutwidth=\dimen143
\Gm@layoutheight=\dimen144
\Gm@layouthoffset=\dimen145
\Gm@layoutvoffset=\dimen146
\Gm@dimlist=\toks17
) (c:/texlive/2022/texmf-dist/tex/latex/pdflscape/pdflscape.sty
Package: pdflscape 2019/12/05 v0.12 Display of landscape pages in PDF (HO)
 (c:/texlive/2022/texmf-dist/tex/latex/graphics/lscape.sty
Package: lscape 2020/05/28 v3.02 Landscape Pages (DPC)
 (c:/texlive/2022/texmf-dist/tex/latex/graphics/graphics.sty
Package: graphics 2021/03/04 v1.4d Standard LaTeX Graphics (DPC,SPQR)
 (c:/texlive/2022/texmf-dist/tex/latex/graphics/trig.sty
Package: trig 2021/08/11 v1.11 sin cos tan (DPC)
) (c:/texlive/2022/texmf-dist/tex/latex/graphics-cfg/graphics.cfg
File: graphics.cfg 2016/06/04 v1.11 sample graphics configuration
)
Package graphics Info: Driver file: pdftex.def on input line 107.
 (c:/texlive/2022/texmf-dist/tex/latex/graphics-def/pdftex.def
File: pdftex.def 2020/10/05 v1.2a Graphics/color driver for pdftex
)))
Package pdflscape Info: Auto-detected driver: pdftex on input line 81.
) (c:/texlive/2022/texmf-dist/tex/latex/pbox/pbox.sty
Package: pbox 2011/12/07 v1.2 Dynamic parboxes
 (c:/texlive/2022/texmf-dist/tex/latex/tools/calc.sty
Package: calc 2017/05/25 v4.3 Infix arithmetic (KKT,FJ)
\calc@Acount=\count196
\calc@Bcount=\count197
\calc@Adimen=\dimen147
\calc@Bdimen=\dimen148
\calc@Askip=\skip49
\calc@Bskip=\skip50
LaTeX Info: Redefining \setlength on input line 80.
LaTeX Info: Redefining \addtolength on input line 81.
\calc@Ccount=\count198
\calc@Cskip=\skip51
) (c:/texlive/2022/texmf-dist/tex/latex/base/ifthen.sty
Package: ifthen 2020/11/24 v1.1c Standard LaTeX ifthen package (DPC)
)
\pb@xlen=\skip52
) (c:/texlive/2022/texmf-dist/tex/latex/amsmath/amsmath.sty
Package: amsmath 2021/10/15 v2.17l AMS math features
\@mathmargin=\skip53

For additional information on amsmath, use the `?' option.
(c:/texlive/2022/texmf-dist/tex/latex/amsmath/amstext.sty
Package: amstext 2021/08/26 v2.01 AMS text
 (c:/texlive/2022/texmf-dist/tex/latex/amsmath/amsgen.sty
File: amsgen.sty 1999/11/30 v2.0 generic functions
\@emptytoks=\toks18
\ex@=\dimen149
)) (c:/texlive/2022/texmf-dist/tex/latex/amsmath/amsbsy.sty
Package: amsbsy 1999/11/29 v1.2d Bold Symbols
\pmbraise@=\dimen150
) (c:/texlive/2022/texmf-dist/tex/latex/amsmath/amsopn.sty
Package: amsopn 2021/08/26 v2.02 operator names
)
\inf@bad=\count199
LaTeX Info: Redefining \frac on input line 234.
\uproot@=\count266
\leftroot@=\count267
LaTeX Info: Redefining \overline on input line 399.
\classnum@=\count268
\DOTSCASE@=\count269
LaTeX Info: Redefining \ldots on input line 496.
LaTeX Info: Redefining \dots on input line 499.
LaTeX Info: Redefining \cdots on input line 620.
\Mathstrutbox@=\box50
\strutbox@=\box51
\big@size=\dimen151
LaTeX Font Info:    Redeclaring font encoding OML on input line 743.
LaTeX Font Info:    Redeclaring font encoding OMS on input line 744.
\macc@depth=\count270
\c@MaxMatrixCols=\count271
\dotsspace@=\muskip16
\c@parentequation=\count272
\dspbrk@lvl=\count273
\tag@help=\toks19
\row@=\count274
\column@=\count275
\maxfields@=\count276
\andhelp@=\toks20
\eqnshift@=\dimen152
\alignsep@=\dimen153
\tagshift@=\dimen154
\tagwidth@=\dimen155
\totwidth@=\dimen156
\lineht@=\dimen157
\@envbody=\toks21
\multlinegap=\skip54
\multlinetaggap=\skip55
\mathdisplay@stack=\toks22
LaTeX Info: Redefining \[ on input line 2938.
LaTeX Info: Redefining \] on input line 2939.
) (c:/texlive/2022/texmf-dist/tex/latex/amsfonts/amssymb.sty
Package: amssymb 2013/01/14 v3.01 AMS font symbols
 (c:/texlive/2022/texmf-dist/tex/latex/amsfonts/amsfonts.sty
Package: amsfonts 2013/01/14 v3.01 Basic AMSFonts support
\symAMSa=\mathgroup4
\symAMSb=\mathgroup5
LaTeX Font Info:    Redeclaring math symbol \hbar on input line 98.
LaTeX Font Info:    Overwriting math alphabet `\mathfrak' in version `bold'
(Font)                  U/euf/m/n --> U/euf/b/n on input line 106.
)) (c:/texlive/2022/texmf-dist/tex/latex/mathtools/mathtools.sty
Package: mathtools 2022/02/07 v1.28a mathematical typesetting tools
 (c:/texlive/2022/texmf-dist/tex/latex/mathtools/mhsetup.sty
Package: mhsetup 2021/03/18 v1.4 programming setup (MH)
)
\g_MT_multlinerow_int=\count277
\l_MT_multwidth_dim=\dimen158
\origjot=\skip56
\l_MT_shortvdotswithinadjustabove_dim=\dimen159
\l_MT_shortvdotswithinadjustbelow_dim=\dimen160
\l_MT_above_intertext_sep=\dimen161
\l_MT_below_intertext_sep=\dimen162
\l_MT_above_shortintertext_sep=\dimen163
\l_MT_below_shortintertext_sep=\dimen164
\xmathstrut@box=\box52
\xmathstrut@dim=\dimen165
) (c:/texlive/2022/texmf-dist/tex/latex/esint/esint.sty
Package: esint 
\symlargesymbolsA=\mathgroup6
) (c:/texlive/2022/texmf-dist/tex/latex/cancel/cancel.sty
Package: cancel 2013/04/12 v2.2 Cancel math terms
) (c:/texlive/2022/texmf-dist/tex/latex/enumitem/enumitem.sty
Package: enumitem 2019/06/20 v3.9 Customized lists
\labelindent=\skip57
\enit@outerparindent=\dimen166
\enit@toks=\toks23
\enit@inbox=\box53
\enit@count@id=\count278
\enitdp@description=\count279
) (c:/texlive/2022/texmf-dist/tex/latex/tools/array.sty
Package: array 2021/10/04 v2.5f Tabular extension package (FMi)
\col@sep=\dimen167
\ar@mcellbox=\box54
\extrarowheight=\dimen168
\NC@list=\toks24
\extratabsurround=\skip58
\backup@length=\skip59
\ar@cellbox=\box55
) (c:/texlive/2022/texmf-dist/tex/latex/multirow/multirow.sty
Package: multirow 2021/03/15 v2.8 Span multiple rows of a table
\multirow@colwidth=\skip60
\multirow@cntb=\count280
\multirow@dima=\skip61
\bigstrutjot=\dimen169
) (c:/texlive/2022/texmf-dist/tex/latex/psnfss/pifont.sty
Package: pifont 2020/03/25 PSNFSS-v9.3 Pi font support (SPQR) 
LaTeX Font Info:    Trying to load font information for U+pzd on input line 63.
 (c:/texlive/2022/texmf-dist/tex/latex/psnfss/upzd.fd
File: upzd.fd 2001/06/04 font definitions for U/pzd.
)
LaTeX Font Info:    Trying to load font information for U+psy on input line 64.
 (c:/texlive/2022/texmf-dist/tex/latex/psnfss/upsy.fd
File: upsy.fd 2001/06/04 font definitions for U/psy.
)) (c:/texlive/2022/texmf-dist/tex/latex/fundus-calligra/calligra.sty
Package: calligra 2012/04/10 v1.9 LaTeX package calligra
) (c:/texlive/2022/texmf-dist/tex/latex/l3backend/l3backend-pdftex.def
File: l3backend-pdftex.def 2022-04-14 L3 backend support: PDF output (pdfTeX)
\l__color_backend_stack_int=\count281
\l__pdf_internal_box=\box56
) (./Electromagnetism.aux)
\openout1 = `Electromagnetism.aux'.

LaTeX Font Info:    Checking defaults for OML/cmm/m/it on input line 35.
LaTeX Font Info:    ... okay on input line 35.
LaTeX Font Info:    Checking defaults for OMS/cmsy/m/n on input line 35.
LaTeX Font Info:    ... okay on input line 35.
LaTeX Font Info:    Checking defaults for OT1/cmr/m/n on input line 35.
LaTeX Font Info:    ... okay on input line 35.
LaTeX Font Info:    Checking defaults for T1/cmr/m/n on input line 35.
LaTeX Font Info:    ... okay on input line 35.
LaTeX Font Info:    Checking defaults for TS1/cmr/m/n on input line 35.
LaTeX Font Info:    ... okay on input line 35.
LaTeX Font Info:    Checking defaults for OMX/cmex/m/n on input line 35.
LaTeX Font Info:    ... okay on input line 35.
LaTeX Font Info:    Checking defaults for U/cmr/m/n on input line 35.
LaTeX Font Info:    ... okay on input line 35.

*geometry* driver: auto-detecting
*geometry* detected driver: pdftex
*geometry* verbose mode - [ preamble ] result:
* driver: pdftex
* paper: <default>
* layout: <same size as paper>
* layoutoffset:(h,v)=(0.0pt,0.0pt)
* modes: landscape 
* h-part:(L,W,R)=(54.2025pt, 686.56499pt, 54.2025pt)
* v-part:(T,H,B)=(54.2025pt, 487.82251pt, 72.26999pt)
* \paperwidth=794.96999pt
* \paperheight=614.295pt
* \textwidth=686.56499pt
* \textheight=487.82251pt
* \oddsidemargin=-18.06749pt
* \evensidemargin=-18.06749pt
* \topmargin=-55.06749pt
* \headheight=12.0pt
* \headsep=25.0pt
* \topskip=12.0pt
* \footskip=30.0pt
* \marginparwidth=44.0pt
* \marginparsep=10.0pt
* \columnsep=10.0pt
* \skip\footins=10.8pt plus 4.0pt minus 2.0pt
* \hoffset=0.0pt
* \voffset=0.0pt
* \mag=1000
* \@twocolumnfalse
* \@twosidefalse
* \@mparswitchfalse
* \@reversemarginfalse
* (1in=72.27pt=25.4mm, 1cm=28.453pt)

(c:/texlive/2022/texmf-dist/tex/context/base/mkii/supp-pdf.mkii
[Loading MPS to PDF converter (version 2006.09.02).]
\scratchcounter=\count282
\scratchdimen=\dimen170
\scratchbox=\box57
\nofMPsegments=\count283
\nofMParguments=\count284
\everyMPshowfont=\toks25
\MPscratchCnt=\count285
\MPscratchDim=\dimen171
\MPnumerator=\count286
\makeMPintoPDFobject=\count287
\everyMPtoPDFconversion=\toks26
) (c:/texlive/2022/texmf-dist/tex/latex/epstopdf-pkg/epstopdf-base.sty
Package: epstopdf-base 2020-01-24 v2.11 Base part for package epstopdf
Package epstopdf-base Info: Redefining graphics rule for `.eps' on input line 485.
 (c:/texlive/2022/texmf-dist/tex/latex/latexconfig/epstopdf-sys.cfg
File: epstopdf-sys.cfg 2010/07/13 v1.3 Configuration of (r)epstopdf for TeX Live
)) (c:/texlive/2022/texmf-dist/tex/latex/graphics/graphicx.sty
Package: graphicx 2021/09/16 v1.2d Enhanced LaTeX Graphics (DPC,SPQR)
\Gin@req@height=\dimen172
\Gin@req@width=\dimen173
)
LaTeX Font Info:    Trying to load font information for U+msa on input line 49.
 (c:/texlive/2022/texmf-dist/tex/latex/amsfonts/umsa.fd
File: umsa.fd 2013/01/14 v3.01 AMS symbols A
)
LaTeX Font Info:    Trying to load font information for U+msb on input line 49.
 (c:/texlive/2022/texmf-dist/tex/latex/amsfonts/umsb.fd
File: umsb.fd 2013/01/14 v3.01 AMS symbols B
)
LaTeX Font Info:    Trying to load font information for U+esint on input line 49.
 (c:/texlive/2022/texmf-dist/tex/latex/esint/uesint.fd
File: uesint.fd 
) [1

{c:/texlive/2022/texmf-var/fonts/map/pdftex/updmap/pdftex.map}] [2]
LaTeX Font Info:    Font shape `T1/calligra/m/n' will be
(Font)              scaled to size 26.39996pt on input line 365.
LaTeX Font Info:    Font shape `T1/calligra/m/n' will be
(Font)              scaled to size 17.59998pt on input line 365.
LaTeX Font Info:    Font shape `T1/calligra/m/n' will be
(Font)              scaled to size 13.19998pt on input line 365.
LaTeX Font Info:    Font shape `T1/calligra/m/n' will be
(Font)              scaled to size 10.99998pt on input line 365.
 [3

] [4

] [5] [6] [7] [8] [9] [10] [11] [12] [13]
Underfull \hbox (badness 10000) in paragraph at lines 1216--1220

 []


Underfull \hbox (badness 10000) in paragraph at lines 1216--1220

 []


Underfull \hbox (badness 10000) in paragraph at lines 1231--1236

 []


Underfull \hbox (badness 10000) in paragraph at lines 1239--1242

 []


Underfull \hbox (badness 10000) in paragraph at lines 1239--1242

 []

[14]
Underfull \hbox (badness 10000) in paragraph at lines 1285--1286

 []


Underfull \hbox (badness 10000) in paragraph at lines 1285--1286

 []


Underfull \hbox (badness 10000) in paragraph at lines 1288--1290

 []


Underfull \hbox (badness 10000) in paragraph at lines 1288--1290

 []


Underfull \hbox (badness 10000) in paragraph at lines 1291--1293

 []


Underfull \hbox (badness 10000) in paragraph at lines 1291--1293

 []


Overfull \hbox (22.06746pt too wide) in paragraph at lines 1263--1295
[] []   [] 
 []

[15]
Underfull \hbox (badness 10000) in paragraph at lines 1301--1304

 []


Underfull \hbox (badness 10000) in paragraph at lines 1301--1304

 []


Underfull \hbox (badness 10000) in paragraph at lines 1307--1316

 []


Underfull \hbox (badness 10000) in paragraph at lines 1318--1327

 []


Underfull \hbox (badness 10000) in paragraph at lines 1332--1333

 []


Underfull \hbox (badness 10000) in paragraph at lines 1332--1333

 []


Underfull \hbox (badness 10000) in paragraph at lines 1335--1337

 []


Underfull \hbox (badness 10000) in paragraph at lines 1335--1337

 []


Underfull \hbox (badness 10000) in paragraph at lines 1338--1340

 []


Underfull \hbox (badness 10000) in paragraph at lines 1338--1340

 []


Overfull \hbox (28.92934pt too wide) in paragraph at lines 1298--1342
[] []   [] 
 []

[16]
Underfull \hbox (badness 10000) in paragraph at lines 1351--1354

 []


Underfull \hbox (badness 10000) in paragraph at lines 1351--1354

 []


Underfull \hbox (badness 10000) in paragraph at lines 1359--1362

 []


Underfull \hbox (badness 10000) in paragraph at lines 1370--1373

 []


Underfull \hbox (badness 10000) in paragraph at lines 1376--1379

 []


Underfull \hbox (badness 10000) in paragraph at lines 1384--1385

 []


Underfull \hbox (badness 10000) in paragraph at lines 1384--1385

 []


Underfull \hbox (badness 10000) in paragraph at lines 1386--1388

 []


Underfull \hbox (badness 10000) in paragraph at lines 1386--1388

 []


Underfull \hbox (badness 10000) in paragraph at lines 1389--1391

 []


Underfull \hbox (badness 10000) in paragraph at lines 1389--1391

 []


Underfull \hbox (badness 10000) in paragraph at lines 1348--1393

 []

[17]
Underfull \hbox (badness 10000) in paragraph at lines 1412--1414

 []


Underfull \hbox (badness 10000) in paragraph at lines 1412--1414

 []


Underfull \hbox (badness 10000) in paragraph at lines 1412--1414

 []


Overfull \hbox (5.13815pt too wide) in paragraph at lines 1412--1414
\OMS/cmsy/m/n/12 )$ 
 []


Overfull \hbox (85.07161pt too wide) detected at line 1421
[]
 []


Underfull \hbox (badness 10000) in paragraph at lines 1454--1456

 []


Underfull \hbox (badness 10000) in paragraph at lines 1477--1491

 []


Overfull \hbox (28.92934pt too wide) in paragraph at lines 1427--1492
[][] []   [] 
 []

[18]
Underfull \hbox (badness 10000) in paragraph at lines 1500--1502

 []


Underfull \hbox (badness 10000) in paragraph at lines 1519--1521

 []


Underfull \hbox (badness 10000) in paragraph at lines 1496--1546

 []


Overfull \hbox (52.13652pt too wide) in paragraph at lines 1496--1546
[]   []   [] 
 []


Underfull \hbox (badness 10000) in paragraph at lines 1552--1553

 []


Underfull \hbox (badness 10000) in paragraph at lines 1552--1553

 []


Underfull \hbox (badness 10000) in paragraph at lines 1554--1556

 []


Underfull \hbox (badness 10000) in paragraph at lines 1554--1556

 []


Underfull \hbox (badness 10000) in paragraph at lines 1557--1559

 []


Underfull \hbox (badness 10000) in paragraph at lines 1557--1559

 []


Underfull \hbox (badness 10000) in paragraph at lines 1565--1566

 []


Underfull \hbox (badness 10000) in paragraph at lines 1565--1566

 []


Underfull \hbox (badness 10000) in paragraph at lines 1567--1569

 []


Underfull \hbox (badness 10000) in paragraph at lines 1567--1569

 []


Underfull \hbox (badness 10000) in paragraph at lines 1570--1572

 []


Underfull \hbox (badness 10000) in paragraph at lines 1570--1572

 []

[19] [20]
Underfull \hbox (badness 10000) in paragraph at lines 1585--1602

 []


Underfull \hbox (badness 10000) in paragraph at lines 1608--1612

 []


Underfull \hbox (badness 10000) in paragraph at lines 1608--1612

 []


Underfull \hbox (badness 10000) in paragraph at lines 1608--1612

 []


Underfull \hbox (badness 10000) in paragraph at lines 1654--1658

 []


Underfull \hbox (badness 10000) in paragraph at lines 1654--1658

 []


Underfull \hbox (badness 10000) in paragraph at lines 1654--1658

 []


Overfull \hbox (10.94432pt too wide) in paragraph at lines 1584--1673
[]  []   [] 
 []

[21]
Underfull \hbox (badness 10000) in paragraph at lines 1727--1738

 []


Underfull \hbox (badness 10000) in paragraph at lines 1740--1741

 []

[22]
Underfull \hbox (badness 10000) in paragraph at lines 1766--1768

 []


Underfull \hbox (badness 10000) in paragraph at lines 1769--1778

 []


Underfull \hbox (badness 10000) in paragraph at lines 1779--1786

 []


Underfull \hbox (badness 10000) in paragraph at lines 1779--1786

 []


Underfull \hbox (badness 10000) in paragraph at lines 1779--1786

 []


Underfull \hbox (badness 10000) in paragraph at lines 1794--1796

 []


Underfull \hbox (badness 10000) in paragraph at lines 1797--1806

 []


Underfull \hbox (badness 10000) in paragraph at lines 1807--1813

 []


Underfull \hbox (badness 10000) in paragraph at lines 1807--1813

 []


Underfull \hbox (badness 10000) in paragraph at lines 1814--1821

 []


Underfull \hbox (badness 10000) in paragraph at lines 1814--1821

 []


Underfull \hbox (badness 10000) in paragraph at lines 1814--1821

 []


Overfull \hbox (10.94429pt too wide) in paragraph at lines 1762--1822
[]   []   [] 
 []

[23]
Underfull \hbox (badness 10000) in paragraph at lines 1836--1843

 []


Underfull \hbox (badness 10000) in paragraph at lines 1836--1843

 []


Underfull \hbox (badness 10000) in paragraph at lines 1857--1859

 []


Underfull \hbox (badness 10000) in paragraph at lines 1857--1859

 []


Underfull \hbox (badness 10000) in paragraph at lines 1867--1874

 []


Underfull \hbox (badness 10000) in paragraph at lines 1875--1882

 []


Underfull \hbox (badness 10000) in paragraph at lines 1888--1891

 []


Underfull \hbox (badness 10000) in paragraph at lines 1892--1898

 []


Underfull \hbox (badness 10000) in paragraph at lines 1892--1898

 []


Underfull \hbox (badness 10000) in paragraph at lines 1914--1919

 []


Underfull \hbox (badness 10000) in paragraph at lines 1920--1926

 []


Underfull \hbox (badness 10000) in paragraph at lines 1920--1926

 []


Underfull \hbox (badness 10000) in paragraph at lines 1927--1937

 []


Overfull \hbox (1.72762pt too wide) in paragraph at lines 1927--1937
[]$    [] 
 []


Overfull \hbox (24.67854pt too wide) in paragraph at lines 1831--1938
[]  []   [] 
 []

[24] [25] [26]
LaTeX Font Info:    Font shape `T1/calligra/m/n' will be
(Font)              scaled to size 38.01593pt on input line 2053.
LaTeX Font Info:    Font shape `T1/calligra/m/n' will be
(Font)              scaled to size 21.99997pt on input line 2053.
 [27]
Underfull \hbox (badness 10000) in paragraph at lines 2119--2123

 []


Underfull \hbox (badness 10000) in paragraph at lines 2119--2123

 []


Underfull \hbox (badness 10000) in paragraph at lines 2119--2123

 []


Underfull \hbox (badness 10000) in paragraph at lines 2119--2123

 []


Underfull \hbox (badness 10000) in paragraph at lines 2124--2125

 []


Underfull \hbox (badness 10000) in paragraph at lines 2126--2128

 []

LaTeX Font Info:    Font shape `T1/calligra/m/n' will be
(Font)              scaled to size 31.67993pt on input line 2131.
LaTeX Font Info:    Font shape `T1/calligra/m/n' will be
(Font)              scaled to size 15.39998pt on input line 2131.

Underfull \hbox (badness 10000) in paragraph at lines 2132--2133

 []

[28] [29] [30] [31]
Underfull \hbox (badness 10000) in paragraph at lines 2415--2420

 []


Underfull \hbox (badness 10000) in paragraph at lines 2415--2420

 []


Underfull \hbox (badness 10000) in paragraph at lines 2415--2420

 []


Underfull \hbox (badness 10000) in paragraph at lines 2421--2422

 []


Underfull \hbox (badness 10000) in paragraph at lines 2423--2428

 []


Underfull \hbox (badness 10000) in paragraph at lines 2423--2428

 []


Underfull \hbox (badness 10000) in paragraph at lines 2423--2428

 []

[32] [33] (./Electromagnetism.aux) ) 
Here is how much of TeX's memory you used:
 4621 strings out of 478238
 73650 string characters out of 5847939
 393379 words of memory out of 5000000
 22770 multiletter control sequences out of 15000+600000
 489087 words of font info for 102 fonts, out of 8000000 for 9000
 1141 hyphenation exceptions out of 8191
 70i,27n,76p,270b,317s stack positions out of 10000i,1000n,20000p,200000b,200000s
{c:/texlive/2022/texmf-dist/fonts/enc/dvips/cm-super/cm-super-ts1.enc}<c:/texlive/2022/texmf-dist/fonts/type1/public/calligra-type1/callig15.pfb><c:/texlive/2022/texmf-dist/fonts/type1/public/amsfonts/cm/cmbsy10.pfb><c:/texlive/2022/texmf-dist/fonts/type1/public/amsfonts/cmextra/cmbsy8.pfb><c:/texlive/2022/texmf-dist/fonts/type1/public/amsfonts/cm/cmbx12.pfb><c:/texlive/2022/texmf-dist/fonts/type1/public/amsfonts/cm/cmbx6.pfb><c:/texlive/2022/texmf-dist/fonts/type1/public/amsfonts/cm/cmbx8.pfb><c:/texlive/2022/texmf-dist/fonts/type1/public/amsfonts/cm/cmex10.pfb><c:/texlive/2022/texmf-dist/fonts/type1/public/amsfonts/cm/cmmi10.pfb><c:/texlive/2022/texmf-dist/fonts/type1/public/amsfonts/cm/cmmi12.pfb><c:/texlive/2022/texmf-dist/fonts/type1/public/amsfonts/cm/cmmi5.pfb><c:/texlive/2022/texmf-dist/fonts/type1/public/amsfonts/cm/cmmi6.pfb><c:/texlive/2022/texmf-dist/fonts/type1/public/amsfonts/cm/cmmi8.pfb><c:/texlive/2022/texmf-dist/fonts/type1/public/amsfonts/cm/cmmib10.pfb><c:/texlive/2022/texmf-dist/fonts/type1/public/amsfonts/cmextra/cmmib8.pfb><c:/texlive/2022/texmf-dist/fonts/type1/public/amsfonts/cm/cmr12.pfb><c:/texlive/2022/texmf-dist/fonts/type1/public/amsfonts/cm/cmr6.pfb><c:/texlive/2022/texmf-dist/fonts/type1/public/amsfonts/cm/cmr8.pfb><c:/texlive/2022/texmf-dist/fonts/type1/public/amsfonts/cm/cmsy10.pfb><c:/texlive/2022/texmf-dist/fonts/type1/public/amsfonts/cm/cmsy6.pfb><c:/texlive/2022/texmf-dist/fonts/type1/public/amsfonts/cm/cmsy8.pfb><c:/texlive/2022/texmf-dist/fonts/type1/public/amsfonts/cm/cmti12.pfb><c:/texlive/2022/texmf-dist/fonts/type1/public/esint-type1/esint10.pfb><c:/texlive/2022/texmf-dist/fonts/type1/public/amsfonts/latxfont/line10.pfb><c:/texlive/2022/texmf-dist/fonts/type1/public/amsfonts/symbols/msam10.pfb><c:/texlive/2022/texmf-dist/fonts/type1/public/amsfonts/symbols/msbm10.pfb><c:/texlive/2022/texmf-dist/fonts/type1/public/cm-super/sfrm1200.pfb><c:/texlive/2022/texmf-dist/fonts/type1/urw/zapfding/uzdr.pfb>
Output written on Electromagnetism.pdf (33 pages, 380757 bytes).
PDF statistics:
 247 PDF objects out of 1000 (max. 8388607)
 156 compressed objects within 2 object streams
 0 named destinations out of 1000 (max. 500000)
 1 words of extra memory for PDF output out of 10000 (max. 10000000)

