This is pdfTeX, Version 3.141592653-2.6-1.40.24 (TeX Live 2022) (preloaded format=pdflatex 2022.4.18)  5 OCT 2023 18:59
entering extended mode
 restricted \write18 enabled.
 file:line:error style messages enabled.
 %&-line parsing enabled.
**"c:/Users/ringo/CS/LaTeX/Quantum Mechanics/Quantum Mechanics.tex"
(c:/Users/ringo/CS/LaTeX/Quantum Mechanics/Quantum Mechanics.tex
LaTeX2e <2021-11-15> patch level 1
L3 programming layer <2022-04-10> (c:/texlive/2022/texmf-dist/tex/latex/base/article.cls
Document Class: article 2021/10/04 v1.4n Standard LaTeX document class
(c:/texlive/2022/texmf-dist/tex/latex/base/size12.clo
File: size12.clo 2021/10/04 v1.4n Standard LaTeX file (size option)
)
\c@part=\count185
\c@section=\count186
\c@subsection=\count187
\c@subsubsection=\count188
\c@paragraph=\count189
\c@subparagraph=\count190
\c@figure=\count191
\c@table=\count192
\abovecaptionskip=\skip47
\belowcaptionskip=\skip48
\bibindent=\dimen138
) (c:/texlive/2022/texmf-dist/tex/latex/geometry/geometry.sty
Package: geometry 2020/01/02 v5.9 Page Geometry
 (c:/texlive/2022/texmf-dist/tex/latex/graphics/keyval.sty
Package: keyval 2014/10/28 v1.15 key=value parser (DPC)
\KV@toks@=\toks16
) (c:/texlive/2022/texmf-dist/tex/generic/iftex/ifvtex.sty
Package: ifvtex 2019/10/25 v1.7 ifvtex legacy package. Use iftex instead.
 (c:/texlive/2022/texmf-dist/tex/generic/iftex/iftex.sty
Package: iftex 2022/02/03 v1.0f TeX engine tests
))
\Gm@cnth=\count193
\Gm@cntv=\count194
\c@Gm@tempcnt=\count195
\Gm@bindingoffset=\dimen139
\Gm@wd@mp=\dimen140
\Gm@odd@mp=\dimen141
\Gm@even@mp=\dimen142
\Gm@layoutwidth=\dimen143
\Gm@layoutheight=\dimen144
\Gm@layouthoffset=\dimen145
\Gm@layoutvoffset=\dimen146
\Gm@dimlist=\toks17
) (c:/texlive/2022/texmf-dist/tex/latex/amsfonts/amssymb.sty
Package: amssymb 2013/01/14 v3.01 AMS font symbols
 (c:/texlive/2022/texmf-dist/tex/latex/amsfonts/amsfonts.sty
Package: amsfonts 2013/01/14 v3.01 Basic AMSFonts support
\@emptytoks=\toks18
\symAMSa=\mathgroup4
\symAMSb=\mathgroup5
LaTeX Font Info:    Redeclaring math symbol \hbar on input line 98.
LaTeX Font Info:    Overwriting math alphabet `\mathfrak' in version `bold'
(Font)                  U/euf/m/n --> U/euf/b/n on input line 106.
)) (c:/texlive/2022/texmf-dist/tex/latex/amsmath/amsmath.sty
Package: amsmath 2021/10/15 v2.17l AMS math features
\@mathmargin=\skip49

For additional information on amsmath, use the `?' option.
(c:/texlive/2022/texmf-dist/tex/latex/amsmath/amstext.sty
Package: amstext 2021/08/26 v2.01 AMS text
 (c:/texlive/2022/texmf-dist/tex/latex/amsmath/amsgen.sty
File: amsgen.sty 1999/11/30 v2.0 generic functions
\@emptytoks=\toks19
\ex@=\dimen147
)) (c:/texlive/2022/texmf-dist/tex/latex/amsmath/amsbsy.sty
Package: amsbsy 1999/11/29 v1.2d Bold Symbols
\pmbraise@=\dimen148
) (c:/texlive/2022/texmf-dist/tex/latex/amsmath/amsopn.sty
Package: amsopn 2021/08/26 v2.02 operator names
)
\inf@bad=\count196
LaTeX Info: Redefining \frac on input line 234.
\uproot@=\count197
\leftroot@=\count198
LaTeX Info: Redefining \overline on input line 399.
\classnum@=\count199
\DOTSCASE@=\count266
LaTeX Info: Redefining \ldots on input line 496.
LaTeX Info: Redefining \dots on input line 499.
LaTeX Info: Redefining \cdots on input line 620.
\Mathstrutbox@=\box50
\strutbox@=\box51
\big@size=\dimen149
LaTeX Font Info:    Redeclaring font encoding OML on input line 743.
LaTeX Font Info:    Redeclaring font encoding OMS on input line 744.
\macc@depth=\count267
\c@MaxMatrixCols=\count268
\dotsspace@=\muskip16
\c@parentequation=\count269
\dspbrk@lvl=\count270
\tag@help=\toks20
\row@=\count271
\column@=\count272
\maxfields@=\count273
\andhelp@=\toks21
\eqnshift@=\dimen150
\alignsep@=\dimen151
\tagshift@=\dimen152
\tagwidth@=\dimen153
\totwidth@=\dimen154
\lineht@=\dimen155
\@envbody=\toks22
\multlinegap=\skip50
\multlinetaggap=\skip51
\mathdisplay@stack=\toks23
LaTeX Info: Redefining \[ on input line 2938.
LaTeX Info: Redefining \] on input line 2939.
) (c:/texlive/2022/texmf-dist/tex/latex/mathtools/mathtools.sty
Package: mathtools 2022/02/07 v1.28a mathematical typesetting tools
 (c:/texlive/2022/texmf-dist/tex/latex/tools/calc.sty
Package: calc 2017/05/25 v4.3 Infix arithmetic (KKT,FJ)
\calc@Acount=\count274
\calc@Bcount=\count275
\calc@Adimen=\dimen156
\calc@Bdimen=\dimen157
\calc@Askip=\skip52
\calc@Bskip=\skip53
LaTeX Info: Redefining \setlength on input line 80.
LaTeX Info: Redefining \addtolength on input line 81.
\calc@Ccount=\count276
\calc@Cskip=\skip54
) (c:/texlive/2022/texmf-dist/tex/latex/mathtools/mhsetup.sty
Package: mhsetup 2021/03/18 v1.4 programming setup (MH)
)
\g_MT_multlinerow_int=\count277
\l_MT_multwidth_dim=\dimen158
\origjot=\skip55
\l_MT_shortvdotswithinadjustabove_dim=\dimen159
\l_MT_shortvdotswithinadjustbelow_dim=\dimen160
\l_MT_above_intertext_sep=\dimen161
\l_MT_below_intertext_sep=\dimen162
\l_MT_above_shortintertext_sep=\dimen163
\l_MT_below_shortintertext_sep=\dimen164
\xmathstrut@box=\box52
\xmathstrut@dim=\dimen165
) (c:/texlive/2022/texmf-dist/tex/latex/mathtools/empheq.sty
Package: empheq 2017/03/31 v2.15 Emphasizing equations
\l_EQ_equationtype_int=\count278
\l_EQ_alignmentmode_int=\count279
\l_EQ_totalwidth_dim=\dimen166
\l_EQ_displaywidth_dim=\dimen167
\l_EQ_temp_linewidth_dim=\dimen168
\l_EQ_linewidth_dim=\dimen169
\EmphEqdelimitershortfall=\dimen170
\EmphEqdelimiterfactor=\count280
\g_EQ_toptag_height_dim=\dimen171
\g_EQ_bottomtag_depth_dim=\dimen172
\g_EQ_toprow_height_dim=\dimen173
\g_EQ_bottomrow_depth_dim=\dimen174
\g_EQ_widesttag_dim=\dimen175
\EQ_mathdisplay_box=\box53
\EQ_tag_box=\box54
\g_EQ_temprow_int=\count281
) (c:/texlive/2022/texmf-dist/tex/latex/tools/array.sty
Package: array 2021/10/04 v2.5f Tabular extension package (FMi)
\col@sep=\dimen176
\ar@mcellbox=\box55
\extrarowheight=\dimen177
\NC@list=\toks24
\extratabsurround=\skip56
\backup@length=\skip57
\ar@cellbox=\box56
) (c:/texlive/2022/texmf-dist/tex/latex/multirow/multirow.sty
Package: multirow 2021/03/15 v2.8 Span multiple rows of a table
\multirow@colwidth=\skip58
\multirow@cntb=\count282
\multirow@dima=\skip59
\bigstrutjot=\dimen178
) (c:/texlive/2022/texmf-dist/tex/latex/cancel/cancel.sty
Package: cancel 2013/04/12 v2.2 Cancel math terms
) (c:/texlive/2022/texmf-dist/tex/latex/carlisle/slashed.sty
Package: slashed 1997/01/16 v0.01 Feynman Slashed Character Notation (DPC)
) (c:/texlive/2022/texmf-dist/tex/latex/l3backend/l3backend-pdftex.def
File: l3backend-pdftex.def 2022-04-14 L3 backend support: PDF output (pdfTeX)
\l__color_backend_stack_int=\count283
\l__pdf_internal_box=\box57
) (./Quantum Mechanics.aux)
\openout1 = `"Quantum Mechanics.aux"'.

LaTeX Font Info:    Checking defaults for OML/cmm/m/it on input line 19.
LaTeX Font Info:    ... okay on input line 19.
LaTeX Font Info:    Checking defaults for OMS/cmsy/m/n on input line 19.
LaTeX Font Info:    ... okay on input line 19.
LaTeX Font Info:    Checking defaults for OT1/cmr/m/n on input line 19.
LaTeX Font Info:    ... okay on input line 19.
LaTeX Font Info:    Checking defaults for T1/cmr/m/n on input line 19.
LaTeX Font Info:    ... okay on input line 19.
LaTeX Font Info:    Checking defaults for TS1/cmr/m/n on input line 19.
LaTeX Font Info:    ... okay on input line 19.
LaTeX Font Info:    Checking defaults for OMX/cmex/m/n on input line 19.
LaTeX Font Info:    ... okay on input line 19.
LaTeX Font Info:    Checking defaults for U/cmr/m/n on input line 19.
LaTeX Font Info:    ... okay on input line 19.

*geometry* driver: auto-detecting
*geometry* detected driver: pdftex
*geometry* verbose mode - [ preamble ] result:
* driver: pdftex
* paper: <default>
* layout: <same size as paper>
* layoutoffset:(h,v)=(0.0pt,0.0pt)
* modes: 
* h-part:(L,W,R)=(54.2025pt, 505.89pt, 54.2025pt)
* v-part:(T,H,B)=(72.26999pt, 650.43001pt, 72.26999pt)
* \paperwidth=614.295pt
* \paperheight=794.96999pt
* \textwidth=505.89pt
* \textheight=650.43001pt
* \oddsidemargin=-18.06749pt
* \evensidemargin=-18.06749pt
* \topmargin=-37.0pt
* \headheight=12.0pt
* \headsep=25.0pt
* \topskip=12.0pt
* \footskip=30.0pt
* \marginparwidth=44.0pt
* \marginparsep=10.0pt
* \columnsep=10.0pt
* \skip\footins=10.8pt plus 4.0pt minus 2.0pt
* \hoffset=0.0pt
* \voffset=0.0pt
* \mag=1000
* \@twocolumnfalse
* \@twosidefalse
* \@mparswitchfalse
* \@reversemarginfalse
* (1in=72.27pt=25.4mm, 1cm=28.453pt)

(c:/texlive/2022/texmf-dist/tex/latex/graphics/graphicx.sty
Package: graphicx 2021/09/16 v1.2d Enhanced LaTeX Graphics (DPC,SPQR)
 (c:/texlive/2022/texmf-dist/tex/latex/graphics/graphics.sty
Package: graphics 2021/03/04 v1.4d Standard LaTeX Graphics (DPC,SPQR)
 (c:/texlive/2022/texmf-dist/tex/latex/graphics/trig.sty
Package: trig 2021/08/11 v1.11 sin cos tan (DPC)
) (c:/texlive/2022/texmf-dist/tex/latex/graphics-cfg/graphics.cfg
File: graphics.cfg 2016/06/04 v1.11 sample graphics configuration
)
Package graphics Info: Driver file: pdftex.def on input line 107.
 (c:/texlive/2022/texmf-dist/tex/latex/graphics-def/pdftex.def
File: pdftex.def 2020/10/05 v1.2a Graphics/color driver for pdftex
 (c:/texlive/2022/texmf-dist/tex/context/base/mkii/supp-pdf.mkii
[Loading MPS to PDF converter (version 2006.09.02).]
\scratchcounter=\count284
\scratchdimen=\dimen179
\scratchbox=\box58
\nofMPsegments=\count285
\nofMParguments=\count286
\everyMPshowfont=\toks25
\MPscratchCnt=\count287
\MPscratchDim=\dimen180
\MPnumerator=\count288
\makeMPintoPDFobject=\count289
\everyMPtoPDFconversion=\toks26
))) (c:/texlive/2022/texmf-dist/tex/latex/epstopdf-pkg/epstopdf-base.sty
Package: epstopdf-base 2020-01-24 v2.11 Base part for package epstopdf
Package epstopdf-base Info: Redefining graphics rule for `.eps' on input line 485.
 (c:/texlive/2022/texmf-dist/tex/latex/latexconfig/epstopdf-sys.cfg
File: epstopdf-sys.cfg 2010/07/13 v1.3 Configuration of (r)epstopdf for TeX Live
))
\Gin@req@height=\dimen181
\Gin@req@width=\dimen182
)
\Hy@linkcounter=\count290
LaTeX Font Info:    Trying to load font information for U+msa on input line 25.
 (c:/texlive/2022/texmf-dist/tex/latex/amsfonts/umsa.fd
File: umsa.fd 2013/01/14 v3.01 AMS symbols A
)
LaTeX Font Info:    Trying to load font information for U+msb on input line 25.
 (c:/texlive/2022/texmf-dist/tex/latex/amsfonts/umsb.fd
File: umsb.fd 2013/01/14 v3.01 AMS symbols B
)
Underfull \hbox (badness 10000) in paragraph at lines 70--72

 []


Underfull \hbox (badness 10000) in paragraph at lines 72--74

 []


Underfull \hbox (badness 10000) in paragraph at lines 77--79

 []


Overfull \hbox (10.16603pt too wide) in paragraph at lines 64--109
[]   [] 
 []

[1

{c:/texlive/2022/texmf-var/fonts/map/pdftex/updmap/pdftex.map}]
Underfull \hbox (badness 10000) in paragraph at lines 170--223

 []

[2]
Overfull \hbox (2.61107pt too wide) in paragraph at lines 230--257
[] [] 
 []


Overfull \hbox (4.21622pt too wide) in paragraph at lines 259--277
[]$\OMS/cmsy/m/n/12 ^^O  \OML/cmm/m/it/12 E\OT1/cmr/m/n/12 [\OML/cmm/m/it/12 f[]\OT1/cmr/m/n/12 ] = [][] \OML/cmm/m/it/12 f[] [][] dx \OT1/cmr/m/n/12 = [][] \OML/cmm/m/it/12 f[] \OMS/cmsy/m/n/12 j\OT1/cmr/m/n/12 	[]\OMS/cmsy/m/n/12 j[] \OML/cmm/m/it/12 dx \OT1/cmr/m/n/12 = [][] 	[][]\OML/cmm/m/it/12 f[]\OT1/cmr/m/n/12 	[] \OML/cmm/m/it/12 dx \OT1/cmr/m/n/12 = []$ 
 []


Overfull \hbox (10.8551pt too wide) in paragraph at lines 279--326
[]$\OMS/cmsy/m/n/12 ^^O [][]$ 
 []

[3]
Overfull \hbox (24.7039pt too wide) in paragraph at lines 334--353
\OMS/cmsy/m/n/12 j\OML/cmm/m/it/12 ^^L\OMS/cmsy/m/n/12 i \OT1/cmr/m/n/12 = []\OMS/cmsy/m/n/12 j\OML/cmm/m/it/12 \OMS/cmsy/m/n/12 i [] [] j\OML/cmm/m/it/12 e[]\OMS/cmsy/m/n/12 i [] [] [][]$ 
 []

[4]
Overfull \hbox (214.48323pt too wide) in paragraph at lines 524--563
[]$[][]$ 
 []

[5]
Underfull \hbox (badness 10000) in paragraph at lines 657--680

 []


Overfull \hbox (12.72331pt too wide) in paragraph at lines 688--738
[] [] 
 []


Overfull \hbox (4.53973pt too wide) in paragraph at lines 745--753
\OMS/cmsy/m/n/12 ) $ $[][]$ 
 []

[6]
Underfull \hbox (badness 10000) in paragraph at lines 812--835

 []


Underfull \hbox (badness 10000) in paragraph at lines 836--838

 []

[7]
Underfull \hbox (badness 10000) in paragraph at lines 852--854

 []


Underfull \hbox (badness 10000) in paragraph at lines 868--886

 []

[8]
Underfull \hbox (badness 10000) in paragraph at lines 958--966

 []


Underfull \hbox (badness 10000) in paragraph at lines 966--971

 []


Underfull \hbox (badness 10000) in paragraph at lines 986--990

 []


Underfull \hbox (badness 10000) in paragraph at lines 991--999

 []

[9] [10]
Underfull \hbox (badness 10000) in paragraph at lines 1038--1045

 []


Underfull \hbox (badness 10000) in paragraph at lines 1046--1047

 []

[11]
Underfull \hbox (badness 10000) in paragraph at lines 1061--1067

 []


Underfull \hbox (badness 10000) in paragraph at lines 1061--1067

 []


Underfull \hbox (badness 10000) in paragraph at lines 1071--1094

 []


Overfull \hbox (2.61107pt too wide) in paragraph at lines 1071--1094
[]$ $[]$ 
 []

[12]
Underfull \hbox (badness 10000) in paragraph at lines 1202--1242

 []


Overfull \hbox (17.78716pt too wide) in paragraph at lines 1179--1245
[] [] 
 []

[13]
Overfull \hbox (1.65587pt too wide) in paragraph at lines 1276--1294
[][]$ 
 []

[14]
Overfull \hbox (4.08513pt too wide) in paragraph at lines 1416--1416
[]\OT1/cmr/bx/n/12 Potential Well [][]$[]$ [][]$[]$ 
 []

[15]
Overfull \hbox (2.61107pt too wide) in paragraph at lines 1442--1483
[] [] 
 []

[16]
Overfull \hbox (12.73103pt too wide) in paragraph at lines 1536--1561
[] [] 
 []

[17]
Overfull \hbox (2.61107pt too wide) in paragraph at lines 1618--1657
[] [] 
 []


Overfull \hbox (6.42978pt too wide) in paragraph at lines 1697--1714
[]$[]$   []   $[]$ 
 []

[18]
Overfull \hbox (2.61107pt too wide) in paragraph at lines 1750--1774
[] [] 
 []

[19]
Underfull \hbox (badness 10000) in paragraph at lines 1947--1953

 []


Overfull \hbox (8.41237pt too wide) in paragraph at lines 1933--1971
[]   []   [] 
 []


Overfull \hbox (46.60292pt too wide) in paragraph at lines 1994--2004
[]$[][]$ 
 []

[20]
Overfull \hbox (61.96326pt too wide) in paragraph at lines 2043--2073
[]
 []


Underfull \hbox (badness 10000) in paragraph at lines 2043--2073

 []

[21]
Overfull \hbox (0.73495pt too wide) in paragraph at lines 2212--2212
 [][]$ 
 []

[22]
Underfull \hbox (badness 10000) in paragraph at lines 2279--2281

 []

[23] [24]
Overfull \hbox (7.58487pt too wide) in paragraph at lines 2402--2461
$[][]$ 
 []

[25] [26]
Overfull \hbox (7.81573pt too wide) in paragraph at lines 2484--2504
$[][]$ 
 []


Underfull \hbox (badness 10000) in paragraph at lines 2510--2520

 []

[27]
Overfull \hbox (22.27448pt too wide) in paragraph at lines 2561--2597
$[][]$ 
 []


Underfull \hbox (badness 1584) in paragraph at lines 2643--2646
\OT1/cmr/m/n/12 tions will be a ba-sis that
 []


Overfull \hbox (26.5617pt too wide) in paragraph at lines 2640--2665
$[]$   $[]$ 
 []

[28] [29]
Overfull \hbox (8.83397pt too wide) in paragraph at lines 2743--2760
$[][]$   []   $[][]$ 
 []


Overfull \hbox (83.23784pt too wide) in paragraph at lines 2769--2782
[]$[][]$ 
 []


Overfull \hbox (2.61107pt too wide) in paragraph at lines 2766--2790
[]$ $[]$ 
 []

[30]
Underfull \hbox (badness 10000) in paragraph at lines 2804--2806

 []


Overfull \hbox (20.37111pt too wide) in paragraph at lines 2850--2869
$[][]$ $  \OMS/cmsy/m/n/12 ! $ $[][]$ 
 []

[31] [32] [33]
Underfull \hbox (badness 10000) in paragraph at lines 3020--3022

 []


LaTeX Font Warning: Command \scriptsize invalid in math mode on input line 3041.


Overfull \hbox (10.2616pt too wide) in paragraph at lines 3040--3049
$[][]$ 
 []

[34] [35] [36] (./Quantum Mechanics.aux) ) 
Here is how much of TeX's memory you used:
 4233 strings out of 478238
 67024 string characters out of 5847939
 404182 words of memory out of 5000000
 22419 multiletter control sequences out of 15000+600000
 483948 words of font info for 83 fonts, out of 8000000 for 9000
 1141 hyphenation exceptions out of 8191
 63i,27n,71p,603b,321s stack positions out of 10000i,1000n,20000p,200000b,200000s
{c:/texlive/2022/texmf-dist/fonts/enc/dvips/cm-super/cm-super-ts1.enc}<c:/texlive/2022/texmf-dist/fonts/type1/public/amsfonts/cm/cmbsy10.pfb><c:/texlive/2022/texmf-dist/fonts/type1/public/amsfonts/cmextra/cmbsy8.pfb><c:/texlive/2022/texmf-dist/fonts/type1/public/amsfonts/cm/cmbx12.pfb><c:/texlive/2022/texmf-dist/fonts/type1/public/amsfonts/cm/cmbx6.pfb><c:/texlive/2022/texmf-dist/fonts/type1/public/amsfonts/cm/cmbx8.pfb><c:/texlive/2022/texmf-dist/fonts/type1/public/amsfonts/cm/cmex10.pfb><c:/texlive/2022/texmf-dist/fonts/type1/public/amsfonts/cmextra/cmex8.pfb><c:/texlive/2022/texmf-dist/fonts/type1/public/amsfonts/cm/cmmi12.pfb><c:/texlive/2022/texmf-dist/fonts/type1/public/amsfonts/cm/cmmi6.pfb><c:/texlive/2022/texmf-dist/fonts/type1/public/amsfonts/cm/cmmi8.pfb><c:/texlive/2022/texmf-dist/fonts/type1/public/amsfonts/cm/cmmib10.pfb><c:/texlive/2022/texmf-dist/fonts/type1/public/amsfonts/cmextra/cmmib8.pfb><c:/texlive/2022/texmf-dist/fonts/type1/public/amsfonts/cm/cmr10.pfb><c:/texlive/2022/texmf-dist/fonts/type1/public/amsfonts/cm/cmr12.pfb><c:/texlive/2022/texmf-dist/fonts/type1/public/amsfonts/cm/cmr5.pfb><c:/texlive/2022/texmf-dist/fonts/type1/public/amsfonts/cm/cmr6.pfb><c:/texlive/2022/texmf-dist/fonts/type1/public/amsfonts/cm/cmr8.pfb><c:/texlive/2022/texmf-dist/fonts/type1/public/amsfonts/cm/cmsy10.pfb><c:/texlive/2022/texmf-dist/fonts/type1/public/amsfonts/cm/cmsy5.pfb><c:/texlive/2022/texmf-dist/fonts/type1/public/amsfonts/cm/cmsy6.pfb><c:/texlive/2022/texmf-dist/fonts/type1/public/amsfonts/cm/cmsy8.pfb><c:/texlive/2022/texmf-dist/fonts/type1/public/amsfonts/latxfont/line10.pfb><c:/texlive/2022/texmf-dist/fonts/type1/public/amsfonts/symbols/msam10.pfb><c:/texlive/2022/texmf-dist/fonts/type1/public/amsfonts/symbols/msbm10.pfb><c:/texlive/2022/texmf-dist/fonts/type1/public/amsfonts/symbols/msbm7.pfb><c:/texlive/2022/texmf-dist/fonts/type1/public/cm-super/sfrm1200.pfb>
Output written on "Quantum Mechanics.pdf" (36 pages, 417871 bytes).
PDF statistics:
 251 PDF objects out of 1000 (max. 8388607)
 159 compressed objects within 2 object streams
 0 named destinations out of 1000 (max. 500000)
 1 words of extra memory for PDF output out of 10000 (max. 10000000)

